<?xml version="1.0" encoding="UTF-8"?>
<coverage generated="1577374340699" clover="3.2.0">
  <project timestamp="1577374340699" name="All files">
    <metrics statements="36" coveredstatements="34" conditionals="10" coveredconditionals="10" methods="20" coveredmethods="17" elements="66" coveredelements="61" complexity="0" loc="36" ncloc="36" packages="1" files="5" classes="5"/>
    <file name="button.js" path="/Users/hujingyuki/Desktop/workplace/github/React-ReadNote/test/button.js">
      <metrics statements="1" coveredstatements="1" conditionals="0" coveredconditionals="0" methods="1" coveredmethods="1"/>
      <line num="5" count="4" type="stmt"/>
    </file>
    <file name="controlled.js" path="/Users/hujingyuki/Desktop/workplace/github/React-ReadNote/test/controlled.js">
      <metrics statements="8" coveredstatements="8" conditionals="0" coveredconditionals="0" methods="4" coveredmethods="4"/>
      <line num="5" count="1" type="stmt"/>
      <line num="6" count="1" type="stmt"/>
      <line num="10" count="1" type="stmt"/>
      <line num="11" count="1" type="stmt"/>
      <line num="15" count="2" type="stmt"/>
      <line num="21" count="1" type="stmt"/>
      <line num="22" count="1" type="stmt"/>
      <line num="26" count="3" type="stmt"/>
    </file>
    <file name="get-json.js" path="/Users/hujingyuki/Desktop/workplace/github/React-ReadNote/test/get-json.js">
      <metrics statements="5" coveredstatements="3" conditionals="0" coveredconditionals="0" methods="4" coveredmethods="2"/>
      <line num="1" count="1" type="stmt"/>
      <line num="2" count="4" type="stmt"/>
      <line num="3" count="4" type="stmt"/>
      <line num="10" count="0" type="stmt"/>
      <line num="12" count="0" type="stmt"/>
    </file>
    <file name="todoTextInput.js" path="/Users/hujingyuki/Desktop/workplace/github/React-ReadNote/test/todoTextInput.js">
      <metrics statements="15" coveredstatements="15" conditionals="8" coveredconditionals="8" methods="5" coveredmethods="5"/>
      <line num="6" count="2" type="stmt"/>
      <line num="15" count="10" type="stmt"/>
      <line num="16" count="10" type="stmt"/>
      <line num="21" count="10" type="stmt"/>
      <line num="22" count="3" type="stmt"/>
      <line num="23" count="3" type="cond" truecount="2" falsecount="0"/>
      <line num="24" count="2" type="stmt"/>
      <line num="25" count="2" type="cond" truecount="2" falsecount="0"/>
      <line num="26" count="1" type="stmt"/>
      <line num="33" count="10" type="stmt"/>
      <line num="34" count="1" type="stmt"/>
      <line num="39" count="10" type="stmt"/>
      <line num="40" count="2" type="cond" truecount="2" falsecount="0"/>
      <line num="41" count="1" type="stmt"/>
      <line num="46" count="12" type="stmt"/>
    </file>
    <file name="withData.js" path="/Users/hujingyuki/Desktop/workplace/github/React-ReadNote/test/withData.js">
      <metrics statements="7" coveredstatements="7" conditionals="2" coveredconditionals="2" methods="6" coveredmethods="5"/>
      <line num="4" count="4" type="stmt"/>
      <line num="5" count="4" type="stmt"/>
      <line num="7" count="4" type="stmt"/>
      <line num="8" count="4" type="stmt"/>
      <line num="12" count="4" type="cond" truecount="2" falsecount="0"/>
      <line num="13" count="4" type="stmt"/>
      <line num="17" count="4" type="stmt"/>
    </file>
  </project>
</coverage>
