{"/Users/hujingyuki/Desktop/workplace/github/React-ReadNote/test/button.js": {"path":"/Users/hujingyuki/Desktop/workplace/github/React-ReadNote/test/button.js","statementMap":{"0":{"start":{"line":5,"column":4},"end":{"line":5,"column":74}}},"fnMap":{"0":{"name":"(anonymous_0)","decl":{"start":{"line":4,"column":2},"end":{"line":4,"column":3}},"loc":{"start":{"line":4,"column":12},"end":{"line":6,"column":3}},"line":4}},"branchMap":{},"s":{"0":4},"f":{"0":4},"b":{},"_coverageSchema":"43e27e138ebf9cfc5966b082cf9a028302ed4184","hash":"40078f8a31dc5dfc28036522e720c6449bc6205c"}
,"/Users/hujingyuki/Desktop/workplace/github/React-ReadNote/test/controlled.js": {"path":"/Users/hujingyuki/Desktop/workplace/github/React-ReadNote/test/controlled.js","statementMap":{"0":{"start":{"line":5,"column":4},"end":{"line":5,"column":16}},"1":{"start":{"line":6,"column":4},"end":{"line":9,"column":5}},"2":{"start":{"line":10,"column":4},"end":{"line":10,"column":52}},"3":{"start":{"line":11,"column":4},"end":{"line":11,"column":52}},"4":{"start":{"line":15,"column":4},"end":{"line":17,"column":6}},"5":{"start":{"line":21,"column":4},"end":{"line":21,"column":22}},"6":{"start":{"line":22,"column":4},"end":{"line":22,"column":73}},"7":{"start":{"line":26,"column":4},"end":{"line":42,"column":5}}},"fnMap":{"0":{"name":"(anonymous_0)","decl":{"start":{"line":4,"column":2},"end":{"line":4,"column":3}},"loc":{"start":{"line":4,"column":22},"end":{"line":12,"column":3}},"line":4},"1":{"name":"(anonymous_1)","decl":{"start":{"line":14,"column":2},"end":{"line":14,"column":3}},"loc":{"start":{"line":14,"column":28},"end":{"line":18,"column":3}},"line":14},"2":{"name":"(anonymous_2)","decl":{"start":{"line":20,"column":2},"end":{"line":20,"column":3}},"loc":{"start":{"line":20,"column":19},"end":{"line":23,"column":3}},"line":20},"3":{"name":"(anonymous_3)","decl":{"start":{"line":25,"column":2},"end":{"line":25,"column":3}},"loc":{"start":{"line":25,"column":12},"end":{"line":43,"column":3}},"line":25}},"branchMap":{},"s":{"0":1,"1":1,"2":1,"3":1,"4":2,"5":1,"6":1,"7":3},"f":{"0":1,"1":2,"2":1,"3":3},"b":{},"_coverageSchema":"43e27e138ebf9cfc5966b082cf9a028302ed4184","hash":"4b9ca92385c78674aee0111dec5e04d5edb78931"}
,"/Users/hujingyuki/Desktop/workplace/github/React-ReadNote/test/todoTextInput.js": {"path":"/Users/hujingyuki/Desktop/workplace/github/React-ReadNote/test/todoTextInput.js","statementMap":{"0":{"start":{"line":6,"column":21},"end":{"line":12,"column":3}},"1":{"start":{"line":15,"column":4},"end":{"line":15,"column":16}},"2":{"start":{"line":16,"column":4},"end":{"line":18,"column":5}},"3":{"start":{"line":21,"column":17},"end":{"line":31,"column":3}},"4":{"start":{"line":22,"column":17},"end":{"line":22,"column":38}},"5":{"start":{"line":23,"column":4},"end":{"line":30,"column":5}},"6":{"start":{"line":24,"column":6},"end":{"line":24,"column":29}},"7":{"start":{"line":25,"column":6},"end":{"line":29,"column":7}},"8":{"start":{"line":26,"column":8},"end":{"line":28,"column":10}},"9":{"start":{"line":33,"column":17},"end":{"line":37,"column":3}},"10":{"start":{"line":34,"column":4},"end":{"line":36,"column":6}},"11":{"start":{"line":39,"column":15},"end":{"line":43,"column":3}},"12":{"start":{"line":40,"column":4},"end":{"line":42,"column":5}},"13":{"start":{"line":41,"column":6},"end":{"line":41,"column":39}},"14":{"start":{"line":46,"column":4},"end":{"line":62,"column":5}}},"fnMap":{"0":{"name":"(anonymous_0)","decl":{"start":{"line":14,"column":2},"end":{"line":14,"column":3}},"loc":{"start":{"line":14,"column":21},"end":{"line":19,"column":3}},"line":14},"1":{"name":"(anonymous_1)","decl":{"start":{"line":21,"column":17},"end":{"line":21,"column":18}},"loc":{"start":{"line":21,"column":22},"end":{"line":31,"column":3}},"line":21},"2":{"name":"(anonymous_2)","decl":{"start":{"line":33,"column":17},"end":{"line":33,"column":18}},"loc":{"start":{"line":33,"column":22},"end":{"line":37,"column":3}},"line":33},"3":{"name":"(anonymous_3)","decl":{"start":{"line":39,"column":15},"end":{"line":39,"column":16}},"loc":{"start":{"line":39,"column":20},"end":{"line":43,"column":3}},"line":39},"4":{"name":"(anonymous_4)","decl":{"start":{"line":45,"column":2},"end":{"line":45,"column":3}},"loc":{"start":{"line":45,"column":11},"end":{"line":63,"column":3}},"line":45}},"branchMap":{"0":{"loc":{"start":{"line":17,"column":12},"end":{"line":17,"column":33}},"type":"binary-expr","locations":[{"start":{"line":17,"column":12},"end":{"line":17,"column":27}},{"start":{"line":17,"column":31},"end":{"line":17,"column":33}}],"line":17},"1":{"loc":{"start":{"line":23,"column":4},"end":{"line":30,"column":5}},"type":"if","locations":[{"start":{"line":23,"column":4},"end":{"line":30,"column":5}},{"start":{"line":23,"column":4},"end":{"line":30,"column":5}}],"line":23},"2":{"loc":{"start":{"line":25,"column":6},"end":{"line":29,"column":7}},"type":"if","locations":[{"start":{"line":25,"column":6},"end":{"line":29,"column":7}},{"start":{"line":25,"column":6},"end":{"line":29,"column":7}}],"line":25},"3":{"loc":{"start":{"line":40,"column":4},"end":{"line":42,"column":5}},"type":"if","locations":[{"start":{"line":40,"column":4},"end":{"line":42,"column":5}},{"start":{"line":40,"column":4},"end":{"line":42,"column":5}}],"line":40}},"s":{"0":2,"1":10,"2":10,"3":10,"4":3,"5":3,"6":2,"7":2,"8":1,"9":10,"10":1,"11":10,"12":2,"13":1,"14":12},"f":{"0":10,"1":3,"2":1,"3":2,"4":12},"b":{"0":[10,9],"1":[2,1],"2":[1,1],"3":[1,1]},"_coverageSchema":"43e27e138ebf9cfc5966b082cf9a028302ed4184","hash":"9387641f9038eded28485647b565fc94b2f0dbdb"}
,"/Users/hujingyuki/Desktop/workplace/github/React-ReadNote/test/withData.js": {"path":"/Users/hujingyuki/Desktop/workplace/github/React-ReadNote/test/withData.js","statementMap":{"0":{"start":{"line":4,"column":17},"end":{"line":20,"column":1}},"1":{"start":{"line":4,"column":24},"end":{"line":20,"column":1}},"2":{"start":{"line":5,"column":2},"end":{"line":19,"column":3}},"3":{"start":{"line":7,"column":6},"end":{"line":7,"column":18}},"4":{"start":{"line":8,"column":6},"end":{"line":8,"column":31}},"5":{"start":{"line":12,"column":23},"end":{"line":12,"column":72}},"6":{"start":{"line":13,"column":6},"end":{"line":13,"column":61}},"7":{"start":{"line":13,"column":37},"end":{"line":13,"column":60}},"8":{"start":{"line":17,"column":6},"end":{"line":17,"column":58}}},"fnMap":{"0":{"name":"(anonymous_0)","decl":{"start":{"line":4,"column":17},"end":{"line":4,"column":18}},"loc":{"start":{"line":4,"column":24},"end":{"line":20,"column":1}},"line":4},"1":{"name":"(anonymous_1)","decl":{"start":{"line":4,"column":24},"end":{"line":4,"column":25}},"loc":{"start":{"line":5,"column":2},"end":{"line":19,"column":3}},"line":5},"2":{"name":"(anonymous_2)","decl":{"start":{"line":6,"column":4},"end":{"line":6,"column":5}},"loc":{"start":{"line":6,"column":24},"end":{"line":9,"column":5}},"line":6},"3":{"name":"(anonymous_3)","decl":{"start":{"line":11,"column":4},"end":{"line":11,"column":5}},"loc":{"start":{"line":11,"column":25},"end":{"line":14,"column":5}},"line":11},"4":{"name":"(anonymous_4)","decl":{"start":{"line":13,"column":29},"end":{"line":13,"column":30}},"loc":{"start":{"line":13,"column":37},"end":{"line":13,"column":60}},"line":13},"5":{"name":"(anonymous_5)","decl":{"start":{"line":16,"column":4},"end":{"line":16,"column":5}},"loc":{"start":{"line":16,"column":14},"end":{"line":18,"column":5}},"line":16}},"branchMap":{"0":{"loc":{"start":{"line":12,"column":23},"end":{"line":12,"column":72}},"type":"cond-expr","locations":[{"start":{"line":12,"column":51},"end":{"line":12,"column":66}},{"start":{"line":12,"column":69},"end":{"line":12,"column":72}}],"line":12}},"s":{"0":1,"1":4,"2":4,"3":4,"4":4,"5":4,"6":4,"7":4,"8":8},"f":{"0":4,"1":4,"2":4,"3":4,"4":4,"5":8},"b":{"0":[1,3]},"_coverageSchema":"43e27e138ebf9cfc5966b082cf9a028302ed4184","hash":"53df4fb367e4dcd8653a260bb8e2f8e1890b9c48"}
}
