TN:
SF:/Users/hujingyuki/Desktop/workplace/github/React-ReadNote/test/button.js
FN:4,(anonymous_0)
FNF:1
FNH:1
FNDA:4,(anonymous_0)
DA:5,4
LF:1
LH:1
BRF:0
BRH:0
end_of_record
TN:
SF:/Users/hujingyuki/Desktop/workplace/github/React-ReadNote/test/controlled.js
FN:4,(anonymous_0)
FN:14,(anonymous_1)
FN:20,(anonymous_2)
FN:25,(anonymous_3)
FNF:4
FNH:4
FNDA:1,(anonymous_0)
FNDA:2,(anonymous_1)
FNDA:1,(anonymous_2)
FNDA:3,(anonymous_3)
DA:5,1
DA:6,1
DA:10,1
DA:11,1
DA:15,2
DA:21,1
DA:22,1
DA:26,3
LF:8
LH:8
BRF:0
BRH:0
end_of_record
TN:
SF:/Users/hujingyuki/Desktop/workplace/github/React-ReadNote/test/get-json.js
FN:1,(anonymous_0)
FN:2,(anonymous_1)
FN:10,(anonymous_2)
FN:11,(anonymous_3)
FNF:4
FNH:2
FNDA:4,(anonymous_0)
FNDA:4,(anonymous_1)
FNDA:0,(anonymous_2)
FNDA:0,(anonymous_3)
DA:1,1
DA:2,4
DA:3,4
DA:10,0
DA:12,0
LF:5
LH:3
BRF:0
BRH:0
end_of_record
TN:
SF:/Users/hujingyuki/Desktop/workplace/github/React-ReadNote/test/todoTextInput.js
FN:14,(anonymous_0)
FN:21,(anonymous_1)
FN:33,(anonymous_2)
FN:39,(anonymous_3)
FN:45,(anonymous_4)
FNF:5
FNH:5
FNDA:10,(anonymous_0)
FNDA:3,(anonymous_1)
FNDA:1,(anonymous_2)
FNDA:2,(anonymous_3)
FNDA:12,(anonymous_4)
DA:6,2
DA:15,10
DA:16,10
DA:21,10
DA:22,3
DA:23,3
DA:24,2
DA:25,2
DA:26,1
DA:33,10
DA:34,1
DA:39,10
DA:40,2
DA:41,1
DA:46,12
LF:15
LH:15
BRDA:17,0,0,10
BRDA:17,0,1,9
BRDA:23,1,0,2
BRDA:23,1,1,1
BRDA:25,2,0,1
BRDA:25,2,1,1
BRDA:40,3,0,1
BRDA:40,3,1,1
BRF:8
BRH:8
end_of_record
TN:
SF:/Users/hujingyuki/Desktop/workplace/github/React-ReadNote/test/withData.js
FN:4,(anonymous_0)
FN:4,(anonymous_1)
FN:6,(anonymous_2)
FN:11,(anonymous_3)
FN:13,(anonymous_4)
FN:16,(anonymous_5)
FNF:6
FNH:5
FNDA:4,(anonymous_0)
FNDA:4,(anonymous_1)
FNDA:4,(anonymous_2)
FNDA:4,(anonymous_3)
FNDA:0,(anonymous_4)
FNDA:4,(anonymous_5)
DA:4,4
DA:5,4
DA:7,4
DA:8,4
DA:12,4
DA:13,4
DA:17,4
LF:7
LH:7
BRDA:12,0,0,1
BRDA:12,0,1,3
BRF:2
BRH:2
end_of_record
