TN:
SF:/Users/hujingyuki/Desktop/workplace/github/React-ReadNote/test/button.js
FN:4,(anonymous_0)
FNF:1
FNH:1
FNDA:4,(anonymous_0)
DA:5,4
LF:1
LH:1
BRF:0
BRH:0
end_of_record
TN:
SF:/Users/hujingyuki/Desktop/workplace/github/React-ReadNote/test/todoTextInput.js
FN:14,(anonymous_0)
FN:21,(anonymous_1)
FN:33,(anonymous_2)
FN:39,(anonymous_3)
FN:45,(anonymous_4)
FNF:5
FNH:5
FNDA:10,(anonymous_0)
FNDA:3,(anonymous_1)
FNDA:1,(anonymous_2)
FNDA:2,(anonymous_3)
FNDA:12,(anonymous_4)
DA:6,2
DA:15,10
DA:16,10
DA:21,10
DA:22,3
DA:23,3
DA:24,2
DA:25,2
DA:26,1
DA:33,10
DA:34,1
DA:39,10
DA:40,2
DA:41,1
DA:46,12
LF:15
LH:15
BRDA:17,0,0,10
BRDA:17,0,1,9
BRDA:23,1,0,2
BRDA:23,1,1,1
BRDA:25,2,0,1
BRDA:25,2,1,1
BRDA:40,3,0,1
BRDA:40,3,1,1
BRF:8
BRH:8
end_of_record
